<?xml version="1.0" encoding="UTF-8"?>
<!-- Generated by org.testng.reporters.JUnitReportReporter -->
<testsuite skipped="0" hostname="soufs-MacBook-Air.local" name="com.crm.qa.testcases.FreeCrmTest" tests="1" failures="0" timestamp="12 Dec 2018 20:36:26 GMT" time="26.702" errors="0">
  <testcase name="freeCrmTitleTest" time="26.702" classname="com.crm.qa.testcases.FreeCrmTest"/>
</testsuite> <!-- com.crm.qa.testcases.FreeCrmTest -->
