<?xml version="1.0" encoding="UTF-8"?>
<!-- Generated by org.testng.reporters.JUnitReportReporter -->
<testsuite skipped="0" hostname="soufs-MacBook-Air.local" name="com.crm.qa.testcases.HomePageTest" tests="3" failures="0" timestamp="12 Dec 2018 20:36:31 GMT" time="32.076" errors="0">
  <testcase name="verifyHomePageTitleTest" time="9.858" classname="com.crm.qa.testcases.HomePageTest"/>
  <testcase name="verifyUserNameTest" time="11.221" classname="com.crm.qa.testcases.HomePageTest"/>
  <testcase name="verifyContactsLinkTest" time="10.997" classname="com.crm.qa.testcases.HomePageTest"/>
</testsuite> <!-- com.crm.qa.testcases.HomePageTest -->
