<?xml version="1.0" encoding="UTF-8"?>
<!-- Generated by org.testng.reporters.JUnitReportReporter -->
<testsuite skipped="0" hostname="soufs-MacBook-Air.local" name="com.crm.qa.testcases.LoginPageTest" tests="3" failures="0" timestamp="12 Dec 2018 20:36:21 GMT" time="23.381" errors="0">
  <testcase name="loginPageTitleTest" time="6.498" classname="com.crm.qa.testcases.LoginPageTest"/>
  <testcase name="crmLogoImageTest" time="6.439" classname="com.crm.qa.testcases.LoginPageTest"/>
  <testcase name="loginTest" time="10.444" classname="com.crm.qa.testcases.LoginPageTest"/>
</testsuite> <!-- com.crm.qa.testcases.LoginPageTest -->
