<?xml version="1.0" encoding="UTF-8"?>
<!-- Generated by org.testng.reporters.JUnitReportReporter -->
<testsuite skipped="0" hostname="soufs-MacBook-Air.local" name="com.crm.qa.testcases.HomePageTest" tests="3" failures="0" timestamp="11 Dec 2018 19:56:37 GMT" time="84.605" errors="0">
  <testcase name="verifyHomePageTitleTest" time="38.006" classname="com.crm.qa.testcases.HomePageTest"/>
  <testcase name="verifyUserNameTest" time="12.428" classname="com.crm.qa.testcases.HomePageTest"/>
  <testcase name="verifyContactsLinkTest" time="34.171" classname="com.crm.qa.testcases.HomePageTest"/>
</testsuite> <!-- com.crm.qa.testcases.HomePageTest -->
