<?xml version="1.0" encoding="UTF-8"?>
<!-- Generated by org.testng.reporters.JUnitReportReporter -->
<testsuite skipped="0" hostname="soufs-MacBook-Air.local" name="com.crm.qa.testcases.FreeCrmTest" tests="1" failures="0" timestamp="11 Dec 2018 19:56:32 GMT" time="29.440" errors="0">
  <testcase name="freeCrmTitleTest" time="29.440" classname="com.crm.qa.testcases.FreeCrmTest"/>
</testsuite> <!-- com.crm.qa.testcases.FreeCrmTest -->
